# JRE version: OpenJDK Runtime Environment Temurin-21.0.6+7 (21.0.6+7) (build 21.0.6+7-LTS)
# Java VM: OpenJDK 64-Bit Server VM Temurin-21.0.6+7 (21.0.6+7-LTS, mixed mode, sharing, tiered, compressed oops, compressed class ptrs, parallel gc, windows-amd64)
GC Precious Log:
 CardTable entry size: 512
 CPUs: 12 total, 12 available
 Memory: 16016M
 Large Page Support: Disabled
 NUMA Support: Disabled
 Compressed Oops: Enabled (32-bit)
 Alignments: Space 512K, Generation 512K, Heap 2M
 Heap Min Capacity: 100M
 Heap Initial Capacity: 100M
 Heap Max Capacity: 1G
 Pre-touch: Disabled
 Parallel Workers: 10
Heap:
 PSYoungGen      total 6144K, used 3412K [0x00000000eab00000, 0x00000000eb280000, 0x0000000100000000)
  eden space 4608K, 47% used [0x00000000eab00000,0x00000000ead210a8,0x00000000eaf80000)
  from space 1536K, 80% used [0x00000000eaf80000,0x00000000eb0b4010,0x00000000eb100000)
  to   space 1536K, 0% used [0x00000000eb100000,0x00000000eb100000,0x00000000eb280000)
 ParOldGen       total 616448K, used 616074K [0x00000000c0000000, 0x00000000e5a00000, 0x00000000eab00000)
  object space 616448K, 99% used [0x00000000c0000000,0x00000000e59a2b90,0x00000000e5a00000)
 Metaspace       used 94928K, committed 96640K, reserved 1179648K
  class space    used 9126K, committed 9984K, reserved 1048576K
GC Heap History (20 events):
Event: 86329.321 GC heap before
{Heap before GC invocations=5577 (full 11):
 PSYoungGen      total 3072K, used 2720K [0x00000000eab00000, 0x00000000eaf80000, 0x0000000100000000)
  eden space 2048K, 100% used [0x00000000eab00000,0x00000000ead00000,0x00000000ead00000)
  from space 1024K, 65% used [0x00000000ead00000,0x00000000eada8000,0x00000000eae00000)
  to   space 1024K, 0% used [0x00000000eae80000,0x00000000eae80000,0x00000000eaf80000)
 ParOldGen       total 608256K, used 607933K [0x00000000c0000000, 0x00000000e5200000, 0x00000000eab00000)
  object space 608256K, 99% used [0x00000000c0000000,0x00000000e51af608,0x00000000e5200000)
 Metaspace       used 94928K, committed 96640K, reserved 1179648K
  class space    used 9126K, committed 9984K, reserved 1048576K
}
Event: 86329.324 GC heap after
{Heap after GC invocations=5577 (full 11):
 PSYoungGen      total 3584K, used 896K [0x00000000eab00000, 0x00000000eaf80000, 0x0000000100000000)
  eden space 2560K, 0% used [0x00000000eab00000,0x00000000eab00000,0x00000000ead80000)
  from space 1024K, 87% used [0x00000000eae80000,0x00000000eaf60000,0x00000000eaf80000)
  to   space 1024K, 0% used [0x00000000ead80000,0x00000000ead80000,0x00000000eae80000)
 ParOldGen       total 608768K, used 608491K [0x00000000c0000000, 0x00000000e5280000, 0x00000000eab00000)
  object space 608768K, 99% used [0x00000000c0000000,0x00000000e523aef8,0x00000000e5280000)
 Metaspace       used 94928K, committed 96640K, reserved 1179648K
  class space    used 9126K, committed 9984K, reserved 1048576K
}
Event: 86329.337 GC heap before
{Heap before GC invocations=5578 (full 11):
 PSYoungGen      total 3584K, used 3456K [0x00000000eab00000, 0x00000000eaf80000, 0x0000000100000000)
  eden space 2560K, 100% used [0x00000000eab00000,0x00000000ead80000,0x00000000ead80000)
  from space 1024K, 87% used [0x00000000eae80000,0x00000000eaf60000,0x00000000eaf80000)
  to   space 1024K, 0% used [0x00000000ead80000,0x00000000ead80000,0x00000000eae80000)
 ParOldGen       total 608768K, used 608491K [0x00000000c0000000, 0x00000000e5280000, 0x00000000eab00000)
  object space 608768K, 99% used [0x00000000c0000000,0x00000000e523aef8,0x00000000e5280000)
 Metaspace       used 94928K, committed 96640K, reserved 1179648K
  class space    used 9126K, committed 9984K, reserved 1048576K
}
Event: 86329.339 GC heap after
{Heap after GC invocations=5578 (full 11):
 PSYoungGen      total 3584K, used 670K [0x00000000eab00000, 0x00000000eb000000, 0x0000000100000000)
  eden space 2560K, 0% used [0x00000000eab00000,0x00000000eab00000,0x00000000ead80000)
  from space 1024K, 65% used [0x00000000ead80000,0x00000000eae27a18,0x00000000eae80000)
  to   space 1024K, 0% used [0x00000000eaf00000,0x00000000eaf00000,0x00000000eb000000)
 ParOldGen       total 609792K, used 609315K [0x00000000c0000000, 0x00000000e5380000, 0x00000000eab00000)
  object space 609792K, 99% used [0x00000000c0000000,0x00000000e5308f28,0x00000000e5380000)
 Metaspace       used 94928K, committed 96640K, reserved 1179648K
  class space    used 9126K, committed 9984K, reserved 1048576K
}
Event: 86329.542 GC heap before
{Heap before GC invocations=5579 (full 11):
 PSYoungGen      total 3584K, used 3230K [0x00000000eab00000, 0x00000000eb000000, 0x0000000100000000)
  eden space 2560K, 100% used [0x00000000eab00000,0x00000000ead80000,0x00000000ead80000)
  from space 1024K, 65% used [0x00000000ead80000,0x00000000eae27a18,0x00000000eae80000)
  to   space 1024K, 0% used [0x00000000eaf00000,0x00000000eaf00000,0x00000000eb000000)
 ParOldGen       total 609792K, used 609315K [0x00000000c0000000, 0x00000000e5380000, 0x00000000eab00000)
  object space 609792K, 99% used [0x00000000c0000000,0x00000000e5308f28,0x00000000e5380000)
 Metaspace       used 94928K, committed 96640K, reserved 1179648K
  class space    used 9126K, committed 9984K, reserved 1048576K
}
Event: 86329.545 GC heap after
{Heap after GC invocations=5579 (full 11):
 PSYoungGen      total 4096K, used 736K [0x00000000eab00000, 0x00000000eb000000, 0x0000000100000000)
  eden space 3072K, 0% used [0x00000000eab00000,0x00000000eab00000,0x00000000eae00000)
  from space 1024K, 71% used [0x00000000eaf00000,0x00000000eafb8000,0x00000000eb000000)
  to   space 1024K, 0% used [0x00000000eae00000,0x00000000eae00000,0x00000000eaf00000)
 ParOldGen       total 610304K, used 609912K [0x00000000c0000000, 0x00000000e5400000, 0x00000000eab00000)
  object space 610304K, 99% used [0x00000000c0000000,0x00000000e539e230,0x00000000e5400000)
 Metaspace       used 94928K, committed 96640K, reserved 1179648K
  class space    used 9126K, committed 9984K, reserved 1048576K
}
Event: 86329.555 GC heap before
{Heap before GC invocations=5580 (full 11):
 PSYoungGen      total 4096K, used 3807K [0x00000000eab00000, 0x00000000eb000000, 0x0000000100000000)
  eden space 3072K, 99% used [0x00000000eab00000,0x00000000eadffff0,0x00000000eae00000)
  from space 1024K, 71% used [0x00000000eaf00000,0x00000000eafb8000,0x00000000eb000000)
  to   space 1024K, 0% used [0x00000000eae00000,0x00000000eae00000,0x00000000eaf00000)
 ParOldGen       total 610304K, used 609912K [0x00000000c0000000, 0x00000000e5400000, 0x00000000eab00000)
  object space 610304K, 99% used [0x00000000c0000000,0x00000000e539e230,0x00000000e5400000)
 Metaspace       used 94928K, committed 96640K, reserved 1179648K
  class space    used 9126K, committed 9984K, reserved 1048576K
}
Event: 86329.558 GC heap after
{Heap after GC invocations=5580 (full 11):
 PSYoungGen      total 4096K, used 1008K [0x00000000eab00000, 0x00000000eb300000, 0x0000000100000000)
  eden space 3072K, 0% used [0x00000000eab00000,0x00000000eab00000,0x00000000eae00000)
  from space 1024K, 98% used [0x00000000eae00000,0x00000000eaefc010,0x00000000eaf00000)
  to   space 2048K, 0% used [0x00000000eb100000,0x00000000eb100000,0x00000000eb300000)
 ParOldGen       total 610816K, used 610482K [0x00000000c0000000, 0x00000000e5480000, 0x00000000eab00000)
  object space 610816K, 99% used [0x00000000c0000000,0x00000000e542cb40,0x00000000e5480000)
 Metaspace       used 94928K, committed 96640K, reserved 1179648K
  class space    used 9126K, committed 9984K, reserved 1048576K
}
Event: 86329.570 GC heap before
{Heap before GC invocations=5581 (full 11):
 PSYoungGen      total 4096K, used 4080K [0x00000000eab00000, 0x00000000eb300000, 0x0000000100000000)
  eden space 3072K, 100% used [0x00000000eab00000,0x00000000eae00000,0x00000000eae00000)
  from space 1024K, 98% used [0x00000000eae00000,0x00000000eaefc010,0x00000000eaf00000)
  to   space 2048K, 0% used [0x00000000eb100000,0x00000000eb100000,0x00000000eb300000)
 ParOldGen       total 610816K, used 610482K [0x00000000c0000000, 0x00000000e5480000, 0x00000000eab00000)
  object space 610816K, 99% used [0x00000000c0000000,0x00000000e542cb40,0x00000000e5480000)
 Metaspace       used 94928K, committed 96640K, reserved 1179648K
  class space    used 9126K, committed 9984K, reserved 1048576K
}
Event: 86329.574 GC heap after
{Heap after GC invocations=5581 (full 11):
 PSYoungGen      total 5632K, used 1061K [0x00000000eab00000, 0x00000000eb280000, 0x0000000100000000)
  eden space 4096K, 0% used [0x00000000eab00000,0x00000000eab00000,0x00000000eaf00000)
  from space 1536K, 69% used [0x00000000eb100000,0x00000000eb209618,0x00000000eb280000)
  to   space 1536K, 0% used [0x00000000eaf80000,0x00000000eaf80000,0x00000000eb100000)
 ParOldGen       total 611840K, used 611446K [0x00000000c0000000, 0x00000000e5580000, 0x00000000eab00000)
  object space 611840K, 99% used [0x00000000c0000000,0x00000000e551da58,0x00000000e5580000)
 Metaspace       used 94928K, committed 96640K, reserved 1179648K
  class space    used 9126K, committed 9984K, reserved 1048576K
}
Event: 86329.587 GC heap before
{Heap before GC invocations=5582 (full 11):
 PSYoungGen      total 5632K, used 5157K [0x00000000eab00000, 0x00000000eb280000, 0x0000000100000000)
  eden space 4096K, 100% used [0x00000000eab00000,0x00000000eaf00000,0x00000000eaf00000)
  from space 1536K, 69% used [0x00000000eb100000,0x00000000eb209618,0x00000000eb280000)
  to   space 1536K, 0% used [0x00000000eaf80000,0x00000000eaf80000,0x00000000eb100000)
 ParOldGen       total 611840K, used 611446K [0x00000000c0000000, 0x00000000e5580000, 0x00000000eab00000)
  object space 611840K, 99% used [0x00000000c0000000,0x00000000e551da58,0x00000000e5580000)
 Metaspace       used 94928K, committed 96640K, reserved 1179648K
  class space    used 9126K, committed 9984K, reserved 1048576K
}
Event: 86329.590 GC heap after
{Heap after GC invocations=5582 (full 11):
 PSYoungGen      total 6144K, used 1408K [0x00000000eab00000, 0x00000000eb300000, 0x0000000100000000)
  eden space 4608K, 0% used [0x00000000eab00000,0x00000000eab00000,0x00000000eaf80000)
  from space 1536K, 91% used [0x00000000eaf80000,0x00000000eb0e0020,0x00000000eb100000)
  to   space 1536K, 0% used [0x00000000eb180000,0x00000000eb180000,0x00000000eb300000)
 ParOldGen       total 612864K, used 612406K [0x00000000c0000000, 0x00000000e5680000, 0x00000000eab00000)
  object space 612864K, 99% used [0x00000000c0000000,0x00000000e560d970,0x00000000e5680000)
 Metaspace       used 94928K, committed 96640K, reserved 1179648K
  class space    used 9126K, committed 9984K, reserved 1048576K
}
Event: 86329.852 GC heap before
{Heap before GC invocations=5583 (full 11):
 PSYoungGen      total 6144K, used 6016K [0x00000000eab00000, 0x00000000eb300000, 0x0000000100000000)
  eden space 4608K, 100% used [0x00000000eab00000,0x00000000eaf80000,0x00000000eaf80000)
  from space 1536K, 91% used [0x00000000eaf80000,0x00000000eb0e0020,0x00000000eb100000)
  to   space 1536K, 0% used [0x00000000eb180000,0x00000000eb180000,0x00000000eb300000)
 ParOldGen       total 612864K, used 612406K [0x00000000c0000000, 0x00000000e5680000, 0x00000000eab00000)
  object space 612864K, 99% used [0x00000000c0000000,0x00000000e560d970,0x00000000e5680000)
 Metaspace       used 94928K, committed 96640K, reserved 1179648K
  class space    used 9126K, committed 9984K, reserved 1048576K
}
Event: 86329.856 GC heap after
{Heap after GC invocations=5583 (full 11):
 PSYoungGen      total 6144K, used 1406K [0x00000000eab00000, 0x00000000eb300000, 0x0000000100000000)
  eden space 4608K, 0% used [0x00000000eab00000,0x00000000eab00000,0x00000000eaf80000)
  from space 1536K, 91% used [0x00000000eb180000,0x00000000eb2dfa38,0x00000000eb300000)
  to   space 1536K, 0% used [0x00000000eaf80000,0x00000000eaf80000,0x00000000eb100000)
 ParOldGen       total 613888K, used 613762K [0x00000000c0000000, 0x00000000e5780000, 0x00000000eab00000)
  object space 613888K, 99% used [0x00000000c0000000,0x00000000e5760a00,0x00000000e5780000)
 Metaspace       used 94928K, committed 96640K, reserved 1179648K
  class space    used 9126K, committed 9984K, reserved 1048576K
}
Event: 86330.086 GC heap before
{Heap before GC invocations=5584 (full 11):
 PSYoungGen      total 6144K, used 5989K [0x00000000eab00000, 0x00000000eb300000, 0x0000000100000000)
  eden space 4608K, 99% used [0x00000000eab00000,0x00000000eaf79a30,0x00000000eaf80000)
  from space 1536K, 91% used [0x00000000eb180000,0x00000000eb2dfa38,0x00000000eb300000)
  to   space 1536K, 0% used [0x00000000eaf80000,0x00000000eaf80000,0x00000000eb100000)
 ParOldGen       total 613888K, used 613762K [0x00000000c0000000, 0x00000000e5780000, 0x00000000eab00000)
  object space 613888K, 99% used [0x00000000c0000000,0x00000000e5760a00,0x00000000e5780000)
 Metaspace       used 94928K, committed 96640K, reserved 1179648K
  class space    used 9126K, committed 9984K, reserved 1048576K
}
Event: 86330.091 GC heap after
{Heap after GC invocations=5584 (full 11):
 PSYoungGen      total 6144K, used 1120K [0x00000000eab00000, 0x00000000eb280000, 0x0000000100000000)
  eden space 4608K, 0% used [0x00000000eab00000,0x00000000eab00000,0x00000000eaf80000)
  from space 1536K, 72% used [0x00000000eaf80000,0x00000000eb098000,0x00000000eb100000)
  to   space 1536K, 0% used [0x00000000eb100000,0x00000000eb100000,0x00000000eb280000)
 ParOldGen       total 615424K, used 614975K [0x00000000c0000000, 0x00000000e5900000, 0x00000000eab00000)
  object space 615424K, 99% used [0x00000000c0000000,0x00000000e588fc40,0x00000000e5900000)
 Metaspace       used 94928K, committed 96640K, reserved 1179648K
  class space    used 9126K, committed 9984K, reserved 1048576K
}
Event: 86330.119 GC heap before
{Heap before GC invocations=5585 (full 11):
 PSYoungGen      total 6144K, used 5727K [0x00000000eab00000, 0x00000000eb280000, 0x0000000100000000)
  eden space 4608K, 99% used [0x00000000eab00000,0x00000000eaf7ffb8,0x00000000eaf80000)
  from space 1536K, 72% used [0x00000000eaf80000,0x00000000eb098000,0x00000000eb100000)
  to   space 1536K, 0% used [0x00000000eb100000,0x00000000eb100000,0x00000000eb280000)
 ParOldGen       total 615424K, used 614975K [0x00000000c0000000, 0x00000000e5900000, 0x00000000eab00000)
  object space 615424K, 99% used [0x00000000c0000000,0x00000000e588fc40,0x00000000e5900000)
 Metaspace       used 94928K, committed 96640K, reserved 1179648K
  class space    used 9126K, committed 9984K, reserved 1048576K
}
Event: 86330.123 GC heap after
{Heap after GC invocations=5585 (full 11):
 PSYoungGen      total 6144K, used 1376K [0x00000000eab00000, 0x00000000eb280000, 0x0000000100000000)
  eden space 4608K, 0% used [0x00000000eab00000,0x00000000eab00000,0x00000000eaf80000)
  from space 1536K, 89% used [0x00000000eb100000,0x00000000eb258040,0x00000000eb280000)
  to   space 1536K, 0% used [0x00000000eaf80000,0x00000000eaf80000,0x00000000eb100000)
 ParOldGen       total 616448K, used 615941K [0x00000000c0000000, 0x00000000e5a00000, 0x00000000eab00000)
  object space 616448K, 99% used [0x00000000c0000000,0x00000000e5981568,0x00000000e5a00000)
 Metaspace       used 94928K, committed 96640K, reserved 1179648K
  class space    used 9126K, committed 9984K, reserved 1048576K
}
Event: 86330.168 GC heap before
{Heap before GC invocations=5586 (full 11):
 PSYoungGen      total 6144K, used 5984K [0x00000000eab00000, 0x00000000eb280000, 0x0000000100000000)
  eden space 4608K, 100% used [0x00000000eab00000,0x00000000eaf80000,0x00000000eaf80000)
  from space 1536K, 89% used [0x00000000eb100000,0x00000000eb258040,0x00000000eb280000)
  to   space 1536K, 0% used [0x00000000eaf80000,0x00000000eaf80000,0x00000000eb100000)
 ParOldGen       total 616448K, used 615941K [0x00000000c0000000, 0x00000000e5a00000, 0x00000000eab00000)
  object space 616448K, 99% used [0x00000000c0000000,0x00000000e5981568,0x00000000e5a00000)
 Metaspace       used 94928K, committed 96640K, reserved 1179648K
  class space    used 9126K, committed 9984K, reserved 1048576K
}
Event: 86330.170 GC heap after
{Heap after GC invocations=5586 (full 11):
 PSYoungGen      total 6144K, used 1232K [0x00000000eab00000, 0x00000000eb280000, 0x0000000100000000)
  eden space 4608K, 0% used [0x00000000eab00000,0x00000000eab00000,0x00000000eaf80000)
  from space 1536K, 80% used [0x00000000eaf80000,0x00000000eb0b4010,0x00000000eb100000)
  to   space 1536K, 0% used [0x00000000eb100000,0x00000000eb100000,0x00000000eb280000)
 ParOldGen       total 616448K, used 616074K [0x00000000c0000000, 0x00000000e5a00000, 0x00000000eab00000)
  object space 616448K, 99% used [0x00000000c0000000,0x00000000e59a2b90,0x00000000e5a00000)
 Metaspace       used 94928K, committed 96640K, reserved 1179648K
  class space    used 9126K, committed 9984K, reserved 1048576K
}

